<?xml version="1.0" encoding="UTF-8"?>
<!-- Generated by org.testng.reporters.JUnitXMLReporter -->
<testsuite hostname="john-PC" ignored="1" name="Test2" tests="2" failures="0" timestamp="15 Feb 2020 07:56:30 GMT" time="27.616" errors="0">
  <testcase name="branches" time="5.293" classname="feb15.Demo3"/>
  <testcase name="users" time="5.254" classname="feb15.Demo3"/>
  <testcase name="roles" time="0.0" classname="feb15.Demo3">
    <ignored/>
  </testcase> <!-- roles -->
</testsuite> <!-- Test2 -->
