<?xml version="1.0" encoding="UTF-8"?>
<!-- Generated by org.testng.reporters.JUnitXMLReporter -->
<testsuite hostname="john-PC" ignored="1" name="report" tests="5" failures="0" timestamp="15 Feb 2020 07:44:12 GMT" time="79.245" errors="0">
  <testcase name="Vacation" time="5.286" classname="feb15.Demo2"/>
  <testcase name="branches" time="5.37" classname="feb15.Demo3"/>
  <testcase name="home" time="5.05" classname="feb15.Demo2"/>
  <testcase name="register" time="5.301" classname="feb15.Demo2"/>
  <testcase name="users" time="5.434" classname="feb15.Demo3"/>
  <testcase name="roles" time="0.0" classname="feb15.Demo3">
    <ignored/>
  </testcase> <!-- roles -->
</testsuite> <!-- report -->
